<?xml version="1.0" encoding="UTF-8"?>
<testsuite name="HelloWorldTest" tests="1" skipped="0" failures="0" errors="0" timestamp="2022-09-28T17:43:28" hostname="vicente-desktop" time="0.032">
  <properties/>
  <testcase name="helloWorldTest" classname="HelloWorldTest" time="0.032"/>
  <system-out><![CDATA[]]></system-out>
  <system-err><![CDATA[]]></system-err>
</testsuite>
