<?xml version="1.0" encoding="UTF-8"?>
<testsuite name="TwoFerTest" tests="4" skipped="0" failures="0" errors="0" timestamp="2022-09-28T17:55:37" hostname="vicente-desktop" time="0.026">
  <properties/>
  <testcase name="noNameGiven" classname="TwoFerTest" time="0.025"/>
  <testcase name="emptyStringGiven" classname="TwoFerTest" time="0.0"/>
  <testcase name="aNameGiven" classname="TwoFerTest" time="0.0"/>
  <testcase name="anotherNameGiven" classname="TwoFerTest" time="0.0"/>
  <system-out><![CDATA[]]></system-out>
  <system-err><![CDATA[]]></system-err>
</testsuite>
